"../../../../../../roxxa/Documents/Unreal_Projects/KJMDeathrun_FirstMap/Content/CustomContent/UGC2286680373/Blueprints/Trap.uasset" 0
"../../../Engine/Content/BasicShapes/BasicShapeMaterial.uasset" 1
"../../../Engine/Content/Functions/Engine_MaterialFunctions01/Opacity/CameraDepthFade.uasset" 2
"../../../Engine/Content/EngineMaterials/T_Default_Material_Grid_M.uasset" 3
"../../../Engine/Content/EngineMaterials/T_Default_Material_Grid_N.uasset" 4
"../../../Engine/Content/EngineMaterials/WorldGridMaterial.uasset" 5
"../../../Engine/Content/BasicShapes/Cube.uasset" 6
"../../../../../../roxxa/Documents/Unreal_Projects/KJMDeathrun_FirstMap/Content/CustomContent/UGC2286680373/Blueprints/Traps/DisapearingPlatform.uasset" 7
"../../../../../../roxxa/Documents/Unreal_Projects/KJMDeathrun_FirstMap/Content/CustomContent/UGC2286680373/Blueprints/DisapearingPlatform.uasset" 8
"../../../../../../roxxa/Documents/Unreal_Projects/KJMDeathrun_FirstMap/Content/CustomContent/UGC2286680373/Blueprints/Traps/DamageZoneMat.uasset" 9
"../../../../../../roxxa/Documents/Unreal_Projects/KJMDeathrun_FirstMap/Content/CustomContent/UGC2286680373/Blueprints/Traps/DamageZone.uasset" 10
"../../../../../../roxxa/Documents/Unreal_Projects/KJMDeathrun_FirstMap/Content/CustomContent/UGC2286680373/Blueprints/TrapZone.uasset" 11
"../../../Engine/Content/Animation/DefaultAnimBoneCompressionSettings.uasset" 12
"../../../../../../roxxa/Documents/Unreal_Projects/KJMDeathrun_FirstMap/Content/CustomContent/UGC2286680373/UE4Content/Mannequin/Character/Mesh/UE4_Mannequin_Skeleton.uasset" 13
"../../../../../../roxxa/Documents/Unreal_Projects/KJMDeathrun_FirstMap/Content/CustomContent/UGC2286680373/UE4Content/Mannequin/Animations/ThirdPersonJump_End.uasset" 14
"../../../../../../roxxa/Documents/Unreal_Projects/KJMDeathrun_FirstMap/Content/CustomContent/UGC2286680373/UE4Content/Meshes/CubeMaterial.uasset" 15
"../../../../../../roxxa/Documents/Unreal_Projects/KJMDeathrun_FirstMap/Content/CustomContent/UGC2286680373/UE4Content/Meshes/1M_Cube.uasset" 16
"../../../../../../roxxa/Documents/Unreal_Projects/KJMDeathrun_FirstMap/Content/CustomContent/UGC2286680373/UE4Content/Meshes/RampMaterial.uasset" 17
"../../../../../../roxxa/Documents/Unreal_Projects/KJMDeathrun_FirstMap/Content/CustomContent/UGC2286680373/UE4Content/Meshes/Bump_StaticMesh.uasset" 18
"../../../../../../roxxa/Documents/Unreal_Projects/KJMDeathrun_FirstMap/Content/CustomContent/UGC2286680373/UE4Content/Meshes/LeftArm_StaticMesh.uasset" 19
"../../../../../../roxxa/Documents/Unreal_Projects/KJMDeathrun_FirstMap/Content/CustomContent/UGC2286680373/UE4Content/Meshes/Ramp_StaticMesh.uasset" 20
"../../../../../../roxxa/Documents/Unreal_Projects/KJMDeathrun_FirstMap/Content/CustomContent/UGC2286680373/UE4Content/Meshes/RightArm_StaticMesh.uasset" 21
"../../../../../../roxxa/Documents/Unreal_Projects/KJMDeathrun_FirstMap/Content/CustomContent/UGC2286680373/UE4Content/StarterContent/Materials/M_Basic_Floor.uasset" 22
"../../../../../../roxxa/Documents/Unreal_Projects/KJMDeathrun_FirstMap/Content/CustomContent/UGC2286680373/UE4Content/StarterContent/Architecture/Floor_400x400.uasset" 23
"../../../../../../roxxa/Documents/Unreal_Projects/KJMDeathrun_FirstMap/Content/CustomContent/UGC2286680373/UE4Content/StarterContent/Materials/M_Basic_Wall.uasset" 24
"../../../../../../roxxa/Documents/Unreal_Projects/KJMDeathrun_FirstMap/Content/CustomContent/UGC2286680373/UE4Content/StarterContent/Architecture/Pillar_50x500.uasset" 25
"../../../../../../roxxa/Documents/Unreal_Projects/KJMDeathrun_FirstMap/Content/CustomContent/UGC2286680373/UE4Content/StarterContent/Materials/M_AssetPlatform.uasset" 26
"../../../../../../roxxa/Documents/Unreal_Projects/KJMDeathrun_FirstMap/Content/CustomContent/UGC2286680373/UE4Content/StarterContent/Architecture/SM_AssetPlatform.uasset" 27
"../../../../../../roxxa/Documents/Unreal_Projects/KJMDeathrun_FirstMap/Content/CustomContent/UGC2286680373/UE4Content/StarterContent/Architecture/Wall_400x200.uasset" 28
"../../../../../../roxxa/Documents/Unreal_Projects/KJMDeathrun_FirstMap/Content/CustomContent/UGC2286680373/UE4Content/StarterContent/Architecture/Wall_400x300.uasset" 29
"../../../../../../roxxa/Documents/Unreal_Projects/KJMDeathrun_FirstMap/Content/CustomContent/UGC2286680373/UE4Content/StarterContent/Architecture/Wall_400x400.uasset" 30
"../../../../../../roxxa/Documents/Unreal_Projects/KJMDeathrun_FirstMap/Content/CustomContent/UGC2286680373/UE4Content/StarterContent/Architecture/Wall_500x500.uasset" 31
"../../../../../../roxxa/Documents/Unreal_Projects/KJMDeathrun_FirstMap/Content/CustomContent/UGC2286680373/UE4Content/StarterContent/Architecture/Wall_Door_400x300.uasset" 32
"../../../../../../roxxa/Documents/Unreal_Projects/KJMDeathrun_FirstMap/Content/CustomContent/UGC2286680373/UE4Content/StarterContent/Architecture/Wall_Door_400x400.uasset" 33
"../../../../../../roxxa/Documents/Unreal_Projects/KJMDeathrun_FirstMap/Content/CustomContent/UGC2286680373/UE4Content/StarterContent/Architecture/Wall_Window_400x300.uasset" 34
"../../../../../../roxxa/Documents/Unreal_Projects/KJMDeathrun_FirstMap/Content/CustomContent/UGC2286680373/UE4Content/StarterContent/Architecture/Wall_Window_400x400.uasset" 35
"../../../../../../roxxa/Documents/Unreal_Projects/KJMDeathrun_FirstMap/Content/CustomContent/UGC2286680373/UE4Content/StarterContent/Audio/Collapse01.uasset" 36
"../../../../../../roxxa/Documents/Unreal_Projects/KJMDeathrun_FirstMap/Content/CustomContent/UGC2286680373/UE4Content/StarterContent/Audio/Collapse02.uasset" 37
"../../../../../../roxxa/Documents/Unreal_Projects/KJMDeathrun_FirstMap/Content/CustomContent/UGC2286680373/UE4Content/StarterContent/Audio/Collapse_Cue.uasset" 38
"../../../../../../roxxa/Documents/Unreal_Projects/KJMDeathrun_FirstMap/Content/CustomContent/UGC2286680373/UE4Content/StarterContent/Audio/Explosion01.uasset" 39
"../../../../../../roxxa/Documents/Unreal_Projects/KJMDeathrun_FirstMap/Content/CustomContent/UGC2286680373/UE4Content/StarterContent/Audio/Explosion02.uasset" 40
"../../../../../../roxxa/Documents/Unreal_Projects/KJMDeathrun_FirstMap/Content/CustomContent/UGC2286680373/UE4Content/StarterContent/Audio/Light01.uasset" 41
"../../../../../../roxxa/Documents/Unreal_Projects/KJMDeathrun_FirstMap/Content/CustomContent/UGC2286680373/UE4Content/StarterContent/Audio/Light01_Cue.uasset" 42
"../../../../../../roxxa/Documents/Unreal_Projects/KJMDeathrun_FirstMap/Content/CustomContent/UGC2286680373/UE4Content/StarterContent/Audio/Light02.uasset" 43
"../../../../../../roxxa/Documents/Unreal_Projects/KJMDeathrun_FirstMap/Content/CustomContent/UGC2286680373/UE4Content/StarterContent/Audio/Light02_Cue.uasset" 44
"../../../../../../roxxa/Documents/Unreal_Projects/KJMDeathrun_FirstMap/Content/CustomContent/UGC2286680373/UE4Content/StarterContent/Audio/Starter_Birds01.uasset" 45
"../../../../../../roxxa/Documents/Unreal_Projects/KJMDeathrun_FirstMap/Content/CustomContent/UGC2286680373/UE4Content/StarterContent/Audio/Starter_Wind05.uasset" 46
"../../../../../../roxxa/Documents/Unreal_Projects/KJMDeathrun_FirstMap/Content/CustomContent/UGC2286680373/UE4Content/StarterContent/Audio/Starter_Wind06.uasset" 47
"../../../../../../roxxa/Documents/Unreal_Projects/KJMDeathrun_FirstMap/Content/CustomContent/UGC2286680373/UE4Content/StarterContent/Audio/Starter_Background_Cue.uasset" 48
"../../../../../../roxxa/Documents/Unreal_Projects/KJMDeathrun_FirstMap/Content/CustomContent/UGC2286680373/UE4Content/StarterContent/Audio/Starter_Music01.uasset" 49
"../../../../../../roxxa/Documents/Unreal_Projects/KJMDeathrun_FirstMap/Content/CustomContent/UGC2286680373/UE4Content/StarterContent/Audio/Starter_Music_Cue.uasset" 50
"../../../../../../roxxa/Documents/Unreal_Projects/KJMDeathrun_FirstMap/Content/CustomContent/UGC2286680373/UE4Content/StarterContent/Textures/T_Lamp_M.uasset" 51
"../../../../../../roxxa/Documents/Unreal_Projects/KJMDeathrun_FirstMap/Content/CustomContent/UGC2286680373/UE4Content/StarterContent/Textures/T_Lamp_N.uasset" 52
"../../../../../../roxxa/Documents/Unreal_Projects/KJMDeathrun_FirstMap/Content/CustomContent/UGC2286680373/UE4Content/StarterContent/Props/Materials/M_Lamp.uasset" 53
"../../../../../../roxxa/Documents/Unreal_Projects/KJMDeathrun_FirstMap/Content/CustomContent/UGC2286680373/UE4Content/StarterContent/Props/SM_Lamp_Ceiling.uasset" 54
"../../../../../../roxxa/Documents/Unreal_Projects/KJMDeathrun_FirstMap/Content/CustomContent/UGC2286680373/UE4Content/StarterContent/Blueprints/Blueprint_CeilingLight.uasset" 55
"../../../../../../roxxa/Documents/Unreal_Projects/KJMDeathrun_FirstMap/Content/CustomContent/UGC2286680373/UE4Content/StarterContent/Audio/Explosion_Cue.uasset" 56
"../../../../../../roxxa/Documents/Unreal_Projects/KJMDeathrun_FirstMap/Content/CustomContent/UGC2286680373/UE4Content/StarterContent/Textures/T_Burst_M.uasset" 57
"../../../../../../roxxa/Documents/Unreal_Projects/KJMDeathrun_FirstMap/Content/CustomContent/UGC2286680373/UE4Content/StarterContent/Particles/Materials/M_Burst.uasset" 58
"../../../../../../roxxa/Documents/Unreal_Projects/KJMDeathrun_FirstMap/Content/CustomContent/UGC2286680373/UE4Content/StarterContent/Textures/T_Explosion_SubUV.uasset" 59
"../../../../../../roxxa/Documents/Unreal_Projects/KJMDeathrun_FirstMap/Content/CustomContent/UGC2286680373/UE4Content/StarterContent/Particles/Materials/M_explosion_subUV.uasset" 60
"../../../../../../roxxa/Documents/Unreal_Projects/KJMDeathrun_FirstMap/Content/CustomContent/UGC2286680373/UE4Content/StarterContent/Particles/Materials/m_flare_01.uasset" 61
"../../../Engine/Content/Functions/Engine_MaterialFunctions01/Gradient/RadialGradient.uasset" 62
"../../../../../../roxxa/Documents/Unreal_Projects/KJMDeathrun_FirstMap/Content/CustomContent/UGC2286680373/UE4Content/StarterContent/Particles/Materials/M_radial_ramp.uasset" 63
"../../../../../../roxxa/Documents/Unreal_Projects/KJMDeathrun_FirstMap/Content/CustomContent/UGC2286680373/UE4Content/StarterContent/Textures/T_Smoke_SubUV.uasset" 64
"../../../../../../roxxa/Documents/Unreal_Projects/KJMDeathrun_FirstMap/Content/CustomContent/UGC2286680373/UE4Content/StarterContent/Textures/T_Smoke_Tiled_D.uasset" 65
"../../../../../../roxxa/Documents/Unreal_Projects/KJMDeathrun_FirstMap/Content/CustomContent/UGC2286680373/UE4Content/StarterContent/Particles/Materials/M_smoke_subUV.uasset" 66
"../../../../../../roxxa/Documents/Unreal_Projects/KJMDeathrun_FirstMap/Content/CustomContent/UGC2286680373/UE4Content/StarterContent/Particles/P_Explosion.uasset" 67
"../../../../../../roxxa/Documents/Unreal_Projects/KJMDeathrun_FirstMap/Content/CustomContent/UGC2286680373/UE4Content/StarterContent/Blueprints/Blueprint_Effect_Explosion.uasset" 68
"../../../../../../roxxa/Documents/Unreal_Projects/KJMDeathrun_FirstMap/Content/CustomContent/UGC2286680373/UE4Content/StarterContent/Audio/Fire01.uasset" 69
"../../../../../../roxxa/Documents/Unreal_Projects/KJMDeathrun_FirstMap/Content/CustomContent/UGC2286680373/UE4Content/StarterContent/Audio/Fire01_Cue.uasset" 70
"../../../../../../roxxa/Documents/Unreal_Projects/KJMDeathrun_FirstMap/Content/CustomContent/UGC2286680373/UE4Content/StarterContent/Textures/T_Fire_SubUV.uasset" 71
"../../../../../../roxxa/Documents/Unreal_Projects/KJMDeathrun_FirstMap/Content/CustomContent/UGC2286680373/UE4Content/StarterContent/Textures/T_Fire_Tiled_D.uasset" 72
"../../../../../../roxxa/Documents/Unreal_Projects/KJMDeathrun_FirstMap/Content/CustomContent/UGC2286680373/UE4Content/StarterContent/Particles/Materials/M_Fire_SubUV.uasset" 73
"../../../../../../roxxa/Documents/Unreal_Projects/KJMDeathrun_FirstMap/Content/CustomContent/UGC2286680373/UE4Content/StarterContent/Textures/T_Water_N.uasset" 74
"../../../../../../roxxa/Documents/Unreal_Projects/KJMDeathrun_FirstMap/Content/CustomContent/UGC2286680373/UE4Content/StarterContent/Particles/Materials/M_Heat_Distortion.uasset" 75
"../../../../../../roxxa/Documents/Unreal_Projects/KJMDeathrun_FirstMap/Content/CustomContent/UGC2286680373/UE4Content/StarterContent/Particles/Materials/M_Radial_Gradient.uasset" 76
"../../../../../../roxxa/Documents/Unreal_Projects/KJMDeathrun_FirstMap/Content/CustomContent/UGC2286680373/UE4Content/StarterContent/Particles/P_Fire.uasset" 77
"../../../../../../roxxa/Documents/Unreal_Projects/KJMDeathrun_FirstMap/Content/CustomContent/UGC2286680373/UE4Content/StarterContent/Blueprints/Blueprint_Effect_Fire.uasset" 78
"../../../../../../roxxa/Documents/Unreal_Projects/KJMDeathrun_FirstMap/Content/CustomContent/UGC2286680373/UE4Content/StarterContent/Audio/Smoke01.uasset" 79
"../../../../../../roxxa/Documents/Unreal_Projects/KJMDeathrun_FirstMap/Content/CustomContent/UGC2286680373/UE4Content/StarterContent/Audio/Smoke01_Cue.uasset" 80
"../../../../../../roxxa/Documents/Unreal_Projects/KJMDeathrun_FirstMap/Content/CustomContent/UGC2286680373/UE4Content/StarterContent/Particles/P_Smoke.uasset" 81
"../../../../../../roxxa/Documents/Unreal_Projects/KJMDeathrun_FirstMap/Content/CustomContent/UGC2286680373/UE4Content/StarterContent/Blueprints/Blueprint_Effect_Smoke.uasset" 82
"../../../../../../roxxa/Documents/Unreal_Projects/KJMDeathrun_FirstMap/Content/CustomContent/UGC2286680373/UE4Content/StarterContent/Audio/Fire_Sparks01.uasset" 83
"../../../../../../roxxa/Documents/Unreal_Projects/KJMDeathrun_FirstMap/Content/CustomContent/UGC2286680373/UE4Content/StarterContent/Audio/Fire_Sparks01_Cue.uasset" 84
"../../../../../../roxxa/Documents/Unreal_Projects/KJMDeathrun_FirstMap/Content/CustomContent/UGC2286680373/UE4Content/StarterContent/Textures/T_Spark_Core.uasset" 85
"../../../../../../roxxa/Documents/Unreal_Projects/KJMDeathrun_FirstMap/Content/CustomContent/UGC2286680373/UE4Content/StarterContent/Particles/Materials/M_Spark.uasset" 86
"../../../../../../roxxa/Documents/Unreal_Projects/KJMDeathrun_FirstMap/Content/CustomContent/UGC2286680373/UE4Content/StarterContent/Particles/P_Sparks.uasset" 87
"../../../../../../roxxa/Documents/Unreal_Projects/KJMDeathrun_FirstMap/Content/CustomContent/UGC2286680373/UE4Content/StarterContent/Blueprints/Blueprint_Effect_Sparks.uasset" 88
"../../../../../../roxxa/Documents/Unreal_Projects/KJMDeathrun_FirstMap/Content/CustomContent/UGC2286680373/UE4Content/StarterContent/Audio/Steam01.uasset" 89
"../../../../../../roxxa/Documents/Unreal_Projects/KJMDeathrun_FirstMap/Content/CustomContent/UGC2286680373/UE4Content/StarterContent/Audio/Steam01_Cue.uasset" 90
"../../../../../../roxxa/Documents/Unreal_Projects/KJMDeathrun_FirstMap/Content/CustomContent/UGC2286680373/UE4Content/StarterContent/Particles/P_Steam_Lit.uasset" 91
"../../../../../../roxxa/Documents/Unreal_Projects/KJMDeathrun_FirstMap/Content/CustomContent/UGC2286680373/UE4Content/StarterContent/Blueprints/Blueprint_Effect_Steam.uasset" 92
"../../../../../../roxxa/Documents/Unreal_Projects/KJMDeathrun_FirstMap/Content/CustomContent/UGC2286680373/UE4Content/StarterContent/Props/SM_Lamp_Wall.uasset" 93
"../../../../../../roxxa/Documents/Unreal_Projects/KJMDeathrun_FirstMap/Content/CustomContent/UGC2286680373/UE4Content/StarterContent/Blueprints/Blueprint_WallSconce.uasset" 94
"../../../../../../roxxa/Documents/Unreal_Projects/KJMDeathrun_FirstMap/Content/CustomContent/UGC2286680373/UE4Content/StarterContent/Blueprints/Assets/FogBrightnessLUT.uasset" 95
"../../../../../../roxxa/Documents/Unreal_Projects/KJMDeathrun_FirstMap/Content/CustomContent/UGC2286680373/UE4Content/StarterContent/Blueprints/Assets/SunlightColorLUT.uasset" 96
"../../../../../../roxxa/Documents/Unreal_Projects/KJMDeathrun_FirstMap/Content/CustomContent/UGC2286680373/UE4Content/StarterContent/Blueprints/Assets/M_LightStage_Arrows.uasset" 97
"../../../Engine/Content/MapTemplates/Sky/DaylightAmbientCubemap.uasset" 98
"../../../../../../roxxa/Documents/Unreal_Projects/KJMDeathrun_FirstMap/Content/CustomContent/UGC2286680373/UE4Content/StarterContent/Blueprints/Assets/M_LightStage_Skybox_Master.uasset" 99
"../../../../../../roxxa/Documents/Unreal_Projects/KJMDeathrun_FirstMap/Content/CustomContent/UGC2286680373/UE4Content/StarterContent/Blueprints/Assets/M_LightStage_Skybox_Black.uasset" 100
"../../../../../../roxxa/Documents/Unreal_Projects/KJMDeathrun_FirstMap/Content/CustomContent/UGC2286680373/UE4Content/StarterContent/Blueprints/Assets/M_LightStage_Skybox_HDRI.uasset" 101
"../../../Engine/Content/EditorMaterials/Thumbnails/SkySphereMaterial.uasset" 102
"../../../../../../roxxa/Documents/Unreal_Projects/KJMDeathrun_FirstMap/Content/CustomContent/UGC2286680373/UE4Content/StarterContent/Blueprints/Assets/Skybox.uasset" 103
"../../../../../../roxxa/Documents/Unreal_Projects/KJMDeathrun_FirstMap/Content/CustomContent/UGC2286680373/UE4Content/StarterContent/Blueprints/Assets/SM_Arrows.uasset" 104
"../../../../../../roxxa/Documents/Unreal_Projects/KJMDeathrun_FirstMap/Content/CustomContent/UGC2286680373/UE4Content/StarterContent/HDRI/HDRI_Epic_Courtyard_Daylight.uasset" 105
"../../../../../../roxxa/Documents/Unreal_Projects/KJMDeathrun_FirstMap/Content/CustomContent/UGC2286680373/UE4Content/StarterContent/Blueprints/BP_LightStudio.uasset" 106
"../../../../../../roxxa/Documents/Unreal_Projects/KJMDeathrun_FirstMap/Content/CustomContent/UGC2286680373/UE4Content/StarterContent/Maps/Advanced_Lighting_BuiltData.uasset" 107
"../../../../../../roxxa/Documents/Unreal_Projects/KJMDeathrun_FirstMap/Content/CustomContent/UGC2286680373/UE4Content/StarterContent/Maps/Minimal_Default_BuiltData.uasset" 108
"../../../../../../roxxa/Documents/Unreal_Projects/KJMDeathrun_FirstMap/Content/CustomContent/UGC2286680373/UE4Content/StarterContent/Maps/StarterMap_BuiltData.uasset" 109
"../../../../../../roxxa/Documents/Unreal_Projects/KJMDeathrun_FirstMap/Content/CustomContent/UGC2286680373/UE4Content/StarterContent/Textures/T_Brick_Clay_Beveled_D.uasset" 110
"../../../../../../roxxa/Documents/Unreal_Projects/KJMDeathrun_FirstMap/Content/CustomContent/UGC2286680373/UE4Content/StarterContent/Textures/T_Brick_Clay_Beveled_M.uasset" 111
"../../../../../../roxxa/Documents/Unreal_Projects/KJMDeathrun_FirstMap/Content/CustomContent/UGC2286680373/UE4Content/StarterContent/Textures/T_Brick_Clay_Beveled_N.uasset" 112
"../../../../../../roxxa/Documents/Unreal_Projects/KJMDeathrun_FirstMap/Content/CustomContent/UGC2286680373/UE4Content/StarterContent/Textures/T_MacroVariation.uasset" 113
"../../../../../../roxxa/Documents/Unreal_Projects/KJMDeathrun_FirstMap/Content/CustomContent/UGC2286680373/UE4Content/StarterContent/Materials/M_Brick_Clay_Beveled.uasset" 114
"../../../../../../roxxa/Documents/Unreal_Projects/KJMDeathrun_FirstMap/Content/CustomContent/UGC2286680373/UE4Content/StarterContent/Textures/T_Brick_Clay_New_D.uasset" 115
"../../../../../../roxxa/Documents/Unreal_Projects/KJMDeathrun_FirstMap/Content/CustomContent/UGC2286680373/UE4Content/StarterContent/Textures/T_Brick_Clay_New_M.uasset" 116
"../../../../../../roxxa/Documents/Unreal_Projects/KJMDeathrun_FirstMap/Content/CustomContent/UGC2286680373/UE4Content/StarterContent/Textures/T_Brick_Clay_New_N.uasset" 117
"../../../../../../roxxa/Documents/Unreal_Projects/KJMDeathrun_FirstMap/Content/CustomContent/UGC2286680373/UE4Content/StarterContent/Textures/T_Detail_Rocky_N.uasset" 118
"../../../../../../roxxa/Documents/Unreal_Projects/KJMDeathrun_FirstMap/Content/CustomContent/UGC2286680373/UE4Content/StarterContent/Materials/M_Brick_Clay_New.uasset" 119
"../../../../../../roxxa/Documents/Unreal_Projects/KJMDeathrun_FirstMap/Content/CustomContent/UGC2286680373/UE4Content/StarterContent/Textures/T_Brick_Clay_Old_D.uasset" 120
"../../../../../../roxxa/Documents/Unreal_Projects/KJMDeathrun_FirstMap/Content/CustomContent/UGC2286680373/UE4Content/StarterContent/Textures/T_Brick_Clay_Old_N.uasset" 121
"../../../../../../roxxa/Documents/Unreal_Projects/KJMDeathrun_FirstMap/Content/CustomContent/UGC2286680373/UE4Content/StarterContent/Textures/T_Perlin_Noise_M.uasset" 122
"../../../../../../roxxa/Documents/Unreal_Projects/KJMDeathrun_FirstMap/Content/CustomContent/UGC2286680373/UE4Content/StarterContent/Materials/M_Brick_Clay_Old.uasset" 123
"../../../../../../roxxa/Documents/Unreal_Projects/KJMDeathrun_FirstMap/Content/CustomContent/UGC2286680373/UE4Content/StarterContent/Textures/T_Brick_Cut_Stone_D.uasset" 124
"../../../../../../roxxa/Documents/Unreal_Projects/KJMDeathrun_FirstMap/Content/CustomContent/UGC2286680373/UE4Content/StarterContent/Textures/T_Brick_Cut_Stone_N.uasset" 125
"../../../../../../roxxa/Documents/Unreal_Projects/KJMDeathrun_FirstMap/Content/CustomContent/UGC2286680373/UE4Content/StarterContent/Materials/M_Brick_Cut_Stone.uasset" 126
"../../../../../../roxxa/Documents/Unreal_Projects/KJMDeathrun_FirstMap/Content/CustomContent/UGC2286680373/UE4Content/StarterContent/Textures/T_Brick_Hewn_Stone_D.uasset" 127
"../../../../../../roxxa/Documents/Unreal_Projects/KJMDeathrun_FirstMap/Content/CustomContent/UGC2286680373/UE4Content/StarterContent/Textures/T_Brick_Hewn_Stone_M.uasset" 128
"../../../../../../roxxa/Documents/Unreal_Projects/KJMDeathrun_FirstMap/Content/CustomContent/UGC2286680373/UE4Content/StarterContent/Textures/T_Brick_Hewn_Stone_N.uasset" 129
"../../../../../../roxxa/Documents/Unreal_Projects/KJMDeathrun_FirstMap/Content/CustomContent/UGC2286680373/UE4Content/StarterContent/Materials/M_Brick_Hewn_Stone.uasset" 130
"../../../../../../roxxa/Documents/Unreal_Projects/KJMDeathrun_FirstMap/Content/CustomContent/UGC2286680373/UE4Content/StarterContent/Textures/T_Ceramic_Tile_M.uasset" 131
"../../../../../../roxxa/Documents/Unreal_Projects/KJMDeathrun_FirstMap/Content/CustomContent/UGC2286680373/UE4Content/StarterContent/Textures/T_Ceramic_Tile_N.uasset" 132
"../../../../../../roxxa/Documents/Unreal_Projects/KJMDeathrun_FirstMap/Content/CustomContent/UGC2286680373/UE4Content/StarterContent/Textures/T_Rock_Marble_Polished_D.uasset" 133
"../../../../../../roxxa/Documents/Unreal_Projects/KJMDeathrun_FirstMap/Content/CustomContent/UGC2286680373/UE4Content/StarterContent/Materials/M_Ceramic_Tile_Checker.uasset" 134
"../../../../../../roxxa/Documents/Unreal_Projects/KJMDeathrun_FirstMap/Content/CustomContent/UGC2286680373/UE4Content/StarterContent/Textures/T_CobbleStone_Pebble_D.uasset" 135
"../../../../../../roxxa/Documents/Unreal_Projects/KJMDeathrun_FirstMap/Content/CustomContent/UGC2286680373/UE4Content/StarterContent/Textures/T_CobbleStone_Pebble_M.uasset" 136
"../../../../../../roxxa/Documents/Unreal_Projects/KJMDeathrun_FirstMap/Content/CustomContent/UGC2286680373/UE4Content/StarterContent/Textures/T_CobbleStone_Pebble_N.uasset" 137
"../../../../../../roxxa/Documents/Unreal_Projects/KJMDeathrun_FirstMap/Content/CustomContent/UGC2286680373/UE4Content/StarterContent/Materials/M_CobbleStone_Pebble.uasset" 138
"../../../../../../roxxa/Documents/Unreal_Projects/KJMDeathrun_FirstMap/Content/CustomContent/UGC2286680373/UE4Content/StarterContent/Textures/T_CobbleStone_Rough_D.uasset" 139
"../../../../../../roxxa/Documents/Unreal_Projects/KJMDeathrun_FirstMap/Content/CustomContent/UGC2286680373/UE4Content/StarterContent/Textures/T_CobbleStone_Rough_N.uasset" 140
"../../../../../../roxxa/Documents/Unreal_Projects/KJMDeathrun_FirstMap/Content/CustomContent/UGC2286680373/UE4Content/StarterContent/Textures/T_Gradinet_01.uasset" 141
"../../../../../../roxxa/Documents/Unreal_Projects/KJMDeathrun_FirstMap/Content/CustomContent/UGC2286680373/UE4Content/StarterContent/Textures/T_Rock_Smooth_Granite_D.uasset" 142
"../../../../../../roxxa/Documents/Unreal_Projects/KJMDeathrun_FirstMap/Content/CustomContent/UGC2286680373/UE4Content/StarterContent/Materials/M_CobbleStone_Rough.uasset" 143
"../../../../../../roxxa/Documents/Unreal_Projects/KJMDeathrun_FirstMap/Content/CustomContent/UGC2286680373/UE4Content/StarterContent/Textures/T_CobbleStone_Smooth_D.uasset" 144
"../../../../../../roxxa/Documents/Unreal_Projects/KJMDeathrun_FirstMap/Content/CustomContent/UGC2286680373/UE4Content/StarterContent/Textures/T_CobbleStone_Smooth_M.uasset" 145
"../../../../../../roxxa/Documents/Unreal_Projects/KJMDeathrun_FirstMap/Content/CustomContent/UGC2286680373/UE4Content/StarterContent/Textures/T_CobbleStone_Smooth_N.uasset" 146
"../../../../../../roxxa/Documents/Unreal_Projects/KJMDeathrun_FirstMap/Content/CustomContent/UGC2286680373/UE4Content/StarterContent/Materials/M_CobbleStone_Smooth.uasset" 147
"../../../Engine/Content/EditorMeshes/ColorCalibrator/T_ColorGrid.uasset" 148
"../../../../../../roxxa/Documents/Unreal_Projects/KJMDeathrun_FirstMap/Content/CustomContent/UGC2286680373/UE4Content/StarterContent/Materials/M_ColorGrid_LowSpec.uasset" 149
"../../../../../../roxxa/Documents/Unreal_Projects/KJMDeathrun_FirstMap/Content/CustomContent/UGC2286680373/UE4Content/StarterContent/Textures/T_Concrete_Grime_D.uasset" 150
"../../../../../../roxxa/Documents/Unreal_Projects/KJMDeathrun_FirstMap/Content/CustomContent/UGC2286680373/UE4Content/StarterContent/Textures/T_Metal_Rust_N.uasset" 151
"../../../../../../roxxa/Documents/Unreal_Projects/KJMDeathrun_FirstMap/Content/CustomContent/UGC2286680373/UE4Content/StarterContent/Materials/M_Concrete_Grime.uasset" 152
"../../../../../../roxxa/Documents/Unreal_Projects/KJMDeathrun_FirstMap/Content/CustomContent/UGC2286680373/UE4Content/StarterContent/Textures/T_Concrete_Panels_D.uasset" 153
"../../../../../../roxxa/Documents/Unreal_Projects/KJMDeathrun_FirstMap/Content/CustomContent/UGC2286680373/UE4Content/StarterContent/Textures/T_Concrete_Panels_N.uasset" 154
"../../../../../../roxxa/Documents/Unreal_Projects/KJMDeathrun_FirstMap/Content/CustomContent/UGC2286680373/UE4Content/StarterContent/Materials/M_Concrete_Panels.uasset" 155
"../../../../../../roxxa/Documents/Unreal_Projects/KJMDeathrun_FirstMap/Content/CustomContent/UGC2286680373/UE4Content/StarterContent/Textures/T_Concrete_Poured_D.uasset" 156
"../../../../../../roxxa/Documents/Unreal_Projects/KJMDeathrun_FirstMap/Content/CustomContent/UGC2286680373/UE4Content/StarterContent/Textures/T_Concrete_Poured_N.uasset" 157
"../../../../../../roxxa/Documents/Unreal_Projects/KJMDeathrun_FirstMap/Content/CustomContent/UGC2286680373/UE4Content/StarterContent/Materials/M_Concrete_Poured.uasset" 158
"../../../../../../roxxa/Documents/Unreal_Projects/KJMDeathrun_FirstMap/Content/CustomContent/UGC2286680373/UE4Content/StarterContent/Textures/T_Concrete_Tiles_D.uasset" 159
"../../../../../../roxxa/Documents/Unreal_Projects/KJMDeathrun_FirstMap/Content/CustomContent/UGC2286680373/UE4Content/StarterContent/Textures/T_Concrete_Tiles_M.uasset" 160
"../../../../../../roxxa/Documents/Unreal_Projects/KJMDeathrun_FirstMap/Content/CustomContent/UGC2286680373/UE4Content/StarterContent/Textures/T_Concrete_Tiles_N.uasset" 161
"../../../../../../roxxa/Documents/Unreal_Projects/KJMDeathrun_FirstMap/Content/CustomContent/UGC2286680373/UE4Content/StarterContent/Textures/T_Concrete_Tiles_Variation_M.uasset" 162
"../../../../../../roxxa/Documents/Unreal_Projects/KJMDeathrun_FirstMap/Content/CustomContent/UGC2286680373/UE4Content/StarterContent/Materials/M_Concrete_Tiles.uasset" 163
"../../../../../../roxxa/Documents/Unreal_Projects/KJMDeathrun_FirstMap/Content/CustomContent/UGC2286680373/UE4Content/StarterContent/Textures/T_Ground_Grass_D.uasset" 164
"../../../../../../roxxa/Documents/Unreal_Projects/KJMDeathrun_FirstMap/Content/CustomContent/UGC2286680373/UE4Content/StarterContent/Textures/T_Ground_Grass_N.uasset" 165
"../../../../../../roxxa/Documents/Unreal_Projects/KJMDeathrun_FirstMap/Content/CustomContent/UGC2286680373/UE4Content/StarterContent/Materials/M_Ground_Grass.uasset" 166
"../../../../../../roxxa/Documents/Unreal_Projects/KJMDeathrun_FirstMap/Content/CustomContent/UGC2286680373/UE4Content/StarterContent/Textures/T_Ground_Gravel_D.uasset" 167
"../../../../../../roxxa/Documents/Unreal_Projects/KJMDeathrun_FirstMap/Content/CustomContent/UGC2286680373/UE4Content/StarterContent/Textures/T_Ground_Gravel_N.uasset" 168
"../../../../../../roxxa/Documents/Unreal_Projects/KJMDeathrun_FirstMap/Content/CustomContent/UGC2286680373/UE4Content/StarterContent/Materials/M_Ground_Gravel.uasset" 169
"../../../../../../roxxa/Documents/Unreal_Projects/KJMDeathrun_FirstMap/Content/CustomContent/UGC2286680373/UE4Content/StarterContent/Textures/T_ground_Moss_D.uasset" 170
"../../../../../../roxxa/Documents/Unreal_Projects/KJMDeathrun_FirstMap/Content/CustomContent/UGC2286680373/UE4Content/StarterContent/Textures/T_Ground_Moss_N.uasset" 171
"../../../../../../roxxa/Documents/Unreal_Projects/KJMDeathrun_FirstMap/Content/CustomContent/UGC2286680373/UE4Content/StarterContent/Materials/M_Ground_Moss.uasset" 172
"../../../../../../roxxa/Documents/Unreal_Projects/KJMDeathrun_FirstMap/Content/CustomContent/UGC2286680373/UE4Content/StarterContent/Materials/M_Metal_Brushed_Nickel.uasset" 173
"../../../../../../roxxa/Documents/Unreal_Projects/KJMDeathrun_FirstMap/Content/CustomContent/UGC2286680373/UE4Content/StarterContent/Textures/T_Metal_Aluminum_D.uasset" 174
"../../../../../../roxxa/Documents/Unreal_Projects/KJMDeathrun_FirstMap/Content/CustomContent/UGC2286680373/UE4Content/StarterContent/Textures/T_Metal_Gold_N.uasset" 175
"../../../../../../roxxa/Documents/Unreal_Projects/KJMDeathrun_FirstMap/Content/CustomContent/UGC2286680373/UE4Content/StarterContent/Materials/M_Metal_Burnished_Steel.uasset" 176
"../../../../../../roxxa/Documents/Unreal_Projects/KJMDeathrun_FirstMap/Content/CustomContent/UGC2286680373/UE4Content/StarterContent/Materials/M_Metal_Chrome.uasset" 177
"../../../../../../roxxa/Documents/Unreal_Projects/KJMDeathrun_FirstMap/Content/CustomContent/UGC2286680373/UE4Content/StarterContent/Textures/T_Metal_Copper_D.uasset" 178
"../../../../../../roxxa/Documents/Unreal_Projects/KJMDeathrun_FirstMap/Content/CustomContent/UGC2286680373/UE4Content/StarterContent/Materials/M_Metal_Copper.uasset" 179
"../../../../../../roxxa/Documents/Unreal_Projects/KJMDeathrun_FirstMap/Content/CustomContent/UGC2286680373/UE4Content/StarterContent/Textures/T_Metal_Gold_D.uasset" 180
"../../../../../../roxxa/Documents/Unreal_Projects/KJMDeathrun_FirstMap/Content/CustomContent/UGC2286680373/UE4Content/StarterContent/Materials/M_Metal_Gold.uasset" 181
"../../../Engine/Content/Functions/Engine_MaterialFunctions02/Utility/BlendAngleCorrectedNormals.uasset" 182
"../../../../../../roxxa/Documents/Unreal_Projects/KJMDeathrun_FirstMap/Content/CustomContent/UGC2286680373/UE4Content/StarterContent/Textures/T_Metal_Rust_D.uasset" 183
"../../../../../../roxxa/Documents/Unreal_Projects/KJMDeathrun_FirstMap/Content/CustomContent/UGC2286680373/UE4Content/StarterContent/Materials/M_Metal_Rust.uasset" 184
"../../../../../../roxxa/Documents/Unreal_Projects/KJMDeathrun_FirstMap/Content/CustomContent/UGC2286680373/UE4Content/StarterContent/Textures/T_Metal_Steel_D.uasset" 185
"../../../../../../roxxa/Documents/Unreal_Projects/KJMDeathrun_FirstMap/Content/CustomContent/UGC2286680373/UE4Content/StarterContent/Textures/T_Metal_Steel_N.uasset" 186
"../../../../../../roxxa/Documents/Unreal_Projects/KJMDeathrun_FirstMap/Content/CustomContent/UGC2286680373/UE4Content/StarterContent/Materials/M_Metal_Steel.uasset" 187
"../../../../../../roxxa/Documents/Unreal_Projects/KJMDeathrun_FirstMap/Content/CustomContent/UGC2286680373/UE4Content/StarterContent/Textures/T_Rock_Basalt_D.uasset" 188
"../../../../../../roxxa/Documents/Unreal_Projects/KJMDeathrun_FirstMap/Content/CustomContent/UGC2286680373/UE4Content/StarterContent/Textures/T_Rock_Basalt_N.uasset" 189
"../../../../../../roxxa/Documents/Unreal_Projects/KJMDeathrun_FirstMap/Content/CustomContent/UGC2286680373/UE4Content/StarterContent/Materials/M_Rock_Basalt.uasset" 190
"../../../../../../roxxa/Documents/Unreal_Projects/KJMDeathrun_FirstMap/Content/CustomContent/UGC2286680373/UE4Content/StarterContent/Materials/M_Rock_Marble_Polished.uasset" 191
"../../../../../../roxxa/Documents/Unreal_Projects/KJMDeathrun_FirstMap/Content/CustomContent/UGC2286680373/UE4Content/StarterContent/Textures/T_Rock_Sandstone_D.uasset" 192
"../../../../../../roxxa/Documents/Unreal_Projects/KJMDeathrun_FirstMap/Content/CustomContent/UGC2286680373/UE4Content/StarterContent/Textures/T_Rock_Sandstone_N.uasset" 193
"../../../../../../roxxa/Documents/Unreal_Projects/KJMDeathrun_FirstMap/Content/CustomContent/UGC2286680373/UE4Content/StarterContent/Materials/M_Rock_Sandstone.uasset" 194
"../../../../../../roxxa/Documents/Unreal_Projects/KJMDeathrun_FirstMap/Content/CustomContent/UGC2286680373/UE4Content/StarterContent/Textures/T_Rock_Slate_D.uasset" 195
"../../../../../../roxxa/Documents/Unreal_Projects/KJMDeathrun_FirstMap/Content/CustomContent/UGC2286680373/UE4Content/StarterContent/Textures/T_Rock_Slate_N.uasset" 196
"../../../../../../roxxa/Documents/Unreal_Projects/KJMDeathrun_FirstMap/Content/CustomContent/UGC2286680373/UE4Content/StarterContent/Materials/M_Rock_Slate.uasset" 197
"../../../../../../roxxa/Documents/Unreal_Projects/KJMDeathrun_FirstMap/Content/CustomContent/UGC2286680373/UE4Content/StarterContent/Textures/T_Checker_Noise_M.uasset" 198
"../../../../../../roxxa/Documents/Unreal_Projects/KJMDeathrun_FirstMap/Content/CustomContent/UGC2286680373/UE4Content/StarterContent/Textures/T_Single_Tile_N.uasset" 199
"../../../../../../roxxa/Documents/Unreal_Projects/KJMDeathrun_FirstMap/Content/CustomContent/UGC2286680373/UE4Content/StarterContent/Textures/T_Tech_Dot_M.uasset" 200
"../../../../../../roxxa/Documents/Unreal_Projects/KJMDeathrun_FirstMap/Content/CustomContent/UGC2286680373/UE4Content/StarterContent/Textures/T_Tech_Dot_N.uasset" 201
"../../../../../../roxxa/Documents/Unreal_Projects/KJMDeathrun_FirstMap/Content/CustomContent/UGC2286680373/UE4Content/StarterContent/Materials/M_Tech_Checker_Dot.uasset" 202
"../../../../../../roxxa/Documents/Unreal_Projects/KJMDeathrun_FirstMap/Content/CustomContent/UGC2286680373/UE4Content/StarterContent/Textures/T_Tech_Hex_Tile_M.uasset" 203
"../../../../../../roxxa/Documents/Unreal_Projects/KJMDeathrun_FirstMap/Content/CustomContent/UGC2286680373/UE4Content/StarterContent/Textures/T_Tech_Hex_Tile_N.uasset" 204
"../../../../../../roxxa/Documents/Unreal_Projects/KJMDeathrun_FirstMap/Content/CustomContent/UGC2286680373/UE4Content/StarterContent/Materials/M_Tech_Hex_Tile.uasset" 205
"../../../../../../roxxa/Documents/Unreal_Projects/KJMDeathrun_FirstMap/Content/CustomContent/UGC2286680373/UE4Content/StarterContent/Textures/T_Tech_Panel_M.uasset" 206
"../../../../../../roxxa/Documents/Unreal_Projects/KJMDeathrun_FirstMap/Content/CustomContent/UGC2286680373/UE4Content/StarterContent/Textures/T_Tech_Panel_N.uasset" 207
"../../../../../../roxxa/Documents/Unreal_Projects/KJMDeathrun_FirstMap/Content/CustomContent/UGC2286680373/UE4Content/StarterContent/Materials/M_Tech_Panel.uasset" 208
"../../../../../../roxxa/Documents/Unreal_Projects/KJMDeathrun_FirstMap/Content/CustomContent/UGC2286680373/UE4Content/StarterContent/Materials/M_Water_Lake.uasset" 209
"../../../../../../roxxa/Documents/Unreal_Projects/KJMDeathrun_FirstMap/Content/CustomContent/UGC2286680373/UE4Content/StarterContent/Textures/T_Water_M.uasset" 210
"../../../../../../roxxa/Documents/Unreal_Projects/KJMDeathrun_FirstMap/Content/CustomContent/UGC2286680373/UE4Content/StarterContent/Materials/M_Water_Ocean.uasset" 211
"../../../../../../roxxa/Documents/Unreal_Projects/KJMDeathrun_FirstMap/Content/CustomContent/UGC2286680373/UE4Content/StarterContent/Textures/T_Wood_Floor_Walnut_D.uasset" 212
"../../../../../../roxxa/Documents/Unreal_Projects/KJMDeathrun_FirstMap/Content/CustomContent/UGC2286680373/UE4Content/StarterContent/Textures/T_Wood_Floor_Walnut_M.uasset" 213
"../../../../../../roxxa/Documents/Unreal_Projects/KJMDeathrun_FirstMap/Content/CustomContent/UGC2286680373/UE4Content/StarterContent/Textures/T_Wood_Floor_Walnut_N.uasset" 214
"../../../../../../roxxa/Documents/Unreal_Projects/KJMDeathrun_FirstMap/Content/CustomContent/UGC2286680373/UE4Content/StarterContent/Materials/M_Wood_Floor_Walnut_Polished.uasset" 215
"../../../Engine/Content/Functions/Engine_MaterialFunctions01/Opacity/AlphaOffset.uasset" 216
"../../../../../../roxxa/Documents/Unreal_Projects/KJMDeathrun_FirstMap/Content/CustomContent/UGC2286680373/UE4Content/StarterContent/Materials/M_Wood_Floor_Walnut_Worn.uasset" 217
"../../../../../../roxxa/Documents/Unreal_Projects/KJMDeathrun_FirstMap/Content/CustomContent/UGC2286680373/UE4Content/StarterContent/Textures/T_Wood_Oak_D.uasset" 218
"../../../../../../roxxa/Documents/Unreal_Projects/KJMDeathrun_FirstMap/Content/CustomContent/UGC2286680373/UE4Content/StarterContent/Textures/T_Wood_Oak_N.uasset" 219
"../../../../../../roxxa/Documents/Unreal_Projects/KJMDeathrun_FirstMap/Content/CustomContent/UGC2286680373/UE4Content/StarterContent/Materials/M_Wood_Oak.uasset" 220
"../../../../../../roxxa/Documents/Unreal_Projects/KJMDeathrun_FirstMap/Content/CustomContent/UGC2286680373/UE4Content/StarterContent/Textures/T_Wood_Pine_D.uasset" 221
"../../../../../../roxxa/Documents/Unreal_Projects/KJMDeathrun_FirstMap/Content/CustomContent/UGC2286680373/UE4Content/StarterContent/Textures/T_Wood_Pine_N.uasset" 222
"../../../../../../roxxa/Documents/Unreal_Projects/KJMDeathrun_FirstMap/Content/CustomContent/UGC2286680373/UE4Content/StarterContent/Materials/M_Wood_Pine.uasset" 223
"../../../../../../roxxa/Documents/Unreal_Projects/KJMDeathrun_FirstMap/Content/CustomContent/UGC2286680373/UE4Content/StarterContent/Textures/T_Wood_Walnut_D.uasset" 224
"../../../../../../roxxa/Documents/Unreal_Projects/KJMDeathrun_FirstMap/Content/CustomContent/UGC2286680373/UE4Content/StarterContent/Textures/T_Wood_Walnut_N.uasset" 225
"../../../../../../roxxa/Documents/Unreal_Projects/KJMDeathrun_FirstMap/Content/CustomContent/UGC2286680373/UE4Content/StarterContent/Materials/M_Wood_Walnut.uasset" 226
"../../../../../../roxxa/Documents/Unreal_Projects/KJMDeathrun_FirstMap/Content/CustomContent/UGC2286680373/UE4Content/StarterContent/Textures/T_Dust_Particle_D.uasset" 227
"../../../../../../roxxa/Documents/Unreal_Projects/KJMDeathrun_FirstMap/Content/CustomContent/UGC2286680373/UE4Content/StarterContent/Particles/Materials/M_Dust_Particle.uasset" 228
"../../../../../../roxxa/Documents/Unreal_Projects/KJMDeathrun_FirstMap/Content/CustomContent/UGC2286680373/UE4Content/StarterContent/Particles/P_Ambient_Dust.uasset" 229
"../../../../../../roxxa/Documents/Unreal_Projects/KJMDeathrun_FirstMap/Content/CustomContent/UGC2286680373/UE4Content/StarterContent/Props/MaterialSphere.uasset" 230
"../../../../../../roxxa/Documents/Unreal_Projects/KJMDeathrun_FirstMap/Content/CustomContent/UGC2286680373/UE4Content/StarterContent/Textures/T_Bush_D.uasset" 231
"../../../../../../roxxa/Documents/Unreal_Projects/KJMDeathrun_FirstMap/Content/CustomContent/UGC2286680373/UE4Content/StarterContent/Textures/T_Bush_N.uasset" 232
"../../../../../../roxxa/Documents/Unreal_Projects/KJMDeathrun_FirstMap/Content/CustomContent/UGC2286680373/UE4Content/StarterContent/Props/Materials/M_Bush.uasset" 233
"../../../../../../roxxa/Documents/Unreal_Projects/KJMDeathrun_FirstMap/Content/CustomContent/UGC2286680373/UE4Content/StarterContent/Props/SM_Bush.uasset" 234
"../../../../../../roxxa/Documents/Unreal_Projects/KJMDeathrun_FirstMap/Content/CustomContent/UGC2286680373/UE4Content/StarterContent/Textures/T_Chair_M.uasset" 235
"../../../../../../roxxa/Documents/Unreal_Projects/KJMDeathrun_FirstMap/Content/CustomContent/UGC2286680373/UE4Content/StarterContent/Textures/T_Chair_N.uasset" 236
"../../../../../../roxxa/Documents/Unreal_Projects/KJMDeathrun_FirstMap/Content/CustomContent/UGC2286680373/UE4Content/StarterContent/Props/Materials/M_Chair.uasset" 237
"../../../../../../roxxa/Documents/Unreal_Projects/KJMDeathrun_FirstMap/Content/CustomContent/UGC2286680373/UE4Content/StarterContent/Props/SM_Chair.uasset" 238
"../../../../../../roxxa/Documents/Unreal_Projects/KJMDeathrun_FirstMap/Content/CustomContent/UGC2286680373/UE4Content/StarterContent/Textures/T_Frame_M.uasset" 239
"../../../../../../roxxa/Documents/Unreal_Projects/KJMDeathrun_FirstMap/Content/CustomContent/UGC2286680373/UE4Content/StarterContent/Textures/T_Frame_N.uasset" 240
"../../../../../../roxxa/Documents/Unreal_Projects/KJMDeathrun_FirstMap/Content/CustomContent/UGC2286680373/UE4Content/StarterContent/Props/Materials/M_Frame.uasset" 241
"../../../../../../roxxa/Documents/Unreal_Projects/KJMDeathrun_FirstMap/Content/CustomContent/UGC2286680373/UE4Content/StarterContent/Props/SM_CornerFrame.uasset" 242
"../../../../../../roxxa/Documents/Unreal_Projects/KJMDeathrun_FirstMap/Content/CustomContent/UGC2286680373/UE4Content/StarterContent/Props/SM_Couch.uasset" 243
"../../../../../../roxxa/Documents/Unreal_Projects/KJMDeathrun_FirstMap/Content/CustomContent/UGC2286680373/UE4Content/StarterContent/Materials/M_Glass.uasset" 244
"../../../../../../roxxa/Documents/Unreal_Projects/KJMDeathrun_FirstMap/Content/CustomContent/UGC2286680373/UE4Content/StarterContent/Textures/T_Door_M.uasset" 245
"../../../../../../roxxa/Documents/Unreal_Projects/KJMDeathrun_FirstMap/Content/CustomContent/UGC2286680373/UE4Content/StarterContent/Textures/T_Door_N.uasset" 246
"../../../../../../roxxa/Documents/Unreal_Projects/KJMDeathrun_FirstMap/Content/CustomContent/UGC2286680373/UE4Content/StarterContent/Props/Materials/M_Door.uasset" 247
"../../../../../../roxxa/Documents/Unreal_Projects/KJMDeathrun_FirstMap/Content/CustomContent/UGC2286680373/UE4Content/StarterContent/Props/SM_Door.uasset" 248
"../../../../../../roxxa/Documents/Unreal_Projects/KJMDeathrun_FirstMap/Content/CustomContent/UGC2286680373/UE4Content/StarterContent/Props/SM_DoorFrame.uasset" 249
"../../../../../../roxxa/Documents/Unreal_Projects/KJMDeathrun_FirstMap/Content/CustomContent/UGC2286680373/UE4Content/StarterContent/Props/SM_GlassWindow.uasset" 250
"../../../../../../roxxa/Documents/Unreal_Projects/KJMDeathrun_FirstMap/Content/CustomContent/UGC2286680373/UE4Content/StarterContent/Props/Materials/M_MaterialSphere.uasset" 251
"../../../../../../roxxa/Documents/Unreal_Projects/KJMDeathrun_FirstMap/Content/CustomContent/UGC2286680373/UE4Content/StarterContent/Props/Materials/M_MaterialSphere_Plain.uasset" 252
"../../../../../../roxxa/Documents/Unreal_Projects/KJMDeathrun_FirstMap/Content/CustomContent/UGC2286680373/UE4Content/StarterContent/Props/SM_MatPreviewMesh_02.uasset" 253
"../../../../../../roxxa/Documents/Unreal_Projects/KJMDeathrun_FirstMap/Content/CustomContent/UGC2286680373/UE4Content/StarterContent/Props/SM_PillarFrame.uasset" 254
"../../../../../../roxxa/Documents/Unreal_Projects/KJMDeathrun_FirstMap/Content/CustomContent/UGC2286680373/UE4Content/StarterContent/Props/SM_PillarFrame300.uasset" 255
"../../../../../../roxxa/Documents/Unreal_Projects/KJMDeathrun_FirstMap/Content/CustomContent/UGC2286680373/UE4Content/StarterContent/Textures/T_RockMesh_M.uasset" 256
"../../../../../../roxxa/Documents/Unreal_Projects/KJMDeathrun_FirstMap/Content/CustomContent/UGC2286680373/UE4Content/StarterContent/Textures/T_RockMesh_N.uasset" 257
"../../../../../../roxxa/Documents/Unreal_Projects/KJMDeathrun_FirstMap/Content/CustomContent/UGC2286680373/UE4Content/StarterContent/Props/Materials/M_Rock.uasset" 258
"../../../../../../roxxa/Documents/Unreal_Projects/KJMDeathrun_FirstMap/Content/CustomContent/UGC2286680373/UE4Content/StarterContent/Props/SM_Rock.uasset" 259
"../../../../../../roxxa/Documents/Unreal_Projects/KJMDeathrun_FirstMap/Content/CustomContent/UGC2286680373/UE4Content/StarterContent/Textures/T_Shelf_M.uasset" 260
"../../../../../../roxxa/Documents/Unreal_Projects/KJMDeathrun_FirstMap/Content/CustomContent/UGC2286680373/UE4Content/StarterContent/Textures/T_Shelf_N.uasset" 261
"../../../../../../roxxa/Documents/Unreal_Projects/KJMDeathrun_FirstMap/Content/CustomContent/UGC2286680373/UE4Content/StarterContent/Props/Materials/M_Shelf.uasset" 262
"../../../../../../roxxa/Documents/Unreal_Projects/KJMDeathrun_FirstMap/Content/CustomContent/UGC2286680373/UE4Content/StarterContent/Props/SM_Shelf.uasset" 263
"../../../../../../roxxa/Documents/Unreal_Projects/KJMDeathrun_FirstMap/Content/CustomContent/UGC2286680373/UE4Content/StarterContent/Props/SM_Stairs.uasset" 264
"../../../../../../roxxa/Documents/Unreal_Projects/KJMDeathrun_FirstMap/Content/CustomContent/UGC2286680373/UE4Content/StarterContent/Textures/T_Statue_M.uasset" 265
"../../../../../../roxxa/Documents/Unreal_Projects/KJMDeathrun_FirstMap/Content/CustomContent/UGC2286680373/UE4Content/StarterContent/Textures/T_Statue_N.uasset" 266
"../../../../../../roxxa/Documents/Unreal_Projects/KJMDeathrun_FirstMap/Content/CustomContent/UGC2286680373/UE4Content/StarterContent/Props/Materials/M_Statue.uasset" 267
"../../../../../../roxxa/Documents/Unreal_Projects/KJMDeathrun_FirstMap/Content/CustomContent/UGC2286680373/UE4Content/StarterContent/Props/Materials/M_StatueGlass.uasset" 268
"../../../../../../roxxa/Documents/Unreal_Projects/KJMDeathrun_FirstMap/Content/CustomContent/UGC2286680373/UE4Content/StarterContent/Props/SM_Statue.uasset" 269
"../../../../../../roxxa/Documents/Unreal_Projects/KJMDeathrun_FirstMap/Content/CustomContent/UGC2286680373/UE4Content/StarterContent/Textures/T_TableRound_M.uasset" 270
"../../../../../../roxxa/Documents/Unreal_Projects/KJMDeathrun_FirstMap/Content/CustomContent/UGC2286680373/UE4Content/StarterContent/Textures/T_TableRound_N.uasset" 271
"../../../../../../roxxa/Documents/Unreal_Projects/KJMDeathrun_FirstMap/Content/CustomContent/UGC2286680373/UE4Content/StarterContent/Props/Materials/M_TableRound.uasset" 272
"../../../../../../roxxa/Documents/Unreal_Projects/KJMDeathrun_FirstMap/Content/CustomContent/UGC2286680373/UE4Content/StarterContent/Props/SM_TableRound.uasset" 273
"../../../../../../roxxa/Documents/Unreal_Projects/KJMDeathrun_FirstMap/Content/CustomContent/UGC2286680373/UE4Content/StarterContent/Props/SM_WindowFrame.uasset" 274
"../../../../../../roxxa/Documents/Unreal_Projects/KJMDeathrun_FirstMap/Content/CustomContent/UGC2286680373/UE4Content/StarterContent/Shapes/Shape_Cone.uasset" 275
"../../../../../../roxxa/Documents/Unreal_Projects/KJMDeathrun_FirstMap/Content/CustomContent/UGC2286680373/UE4Content/StarterContent/Shapes/Shape_Cube.uasset" 276
"../../../../../../roxxa/Documents/Unreal_Projects/KJMDeathrun_FirstMap/Content/CustomContent/UGC2286680373/UE4Content/StarterContent/Shapes/Shape_Cylinder.uasset" 277
"../../../../../../roxxa/Documents/Unreal_Projects/KJMDeathrun_FirstMap/Content/CustomContent/UGC2286680373/UE4Content/StarterContent/Shapes/Shape_NarrowCapsule.uasset" 278
"../../../../../../roxxa/Documents/Unreal_Projects/KJMDeathrun_FirstMap/Content/CustomContent/UGC2286680373/UE4Content/StarterContent/Shapes/Shape_Pipe.uasset" 279
"../../../../../../roxxa/Documents/Unreal_Projects/KJMDeathrun_FirstMap/Content/CustomContent/UGC2286680373/UE4Content/StarterContent/Shapes/Shape_Pipe_180.uasset" 280
"../../../../../../roxxa/Documents/Unreal_Projects/KJMDeathrun_FirstMap/Content/CustomContent/UGC2286680373/UE4Content/StarterContent/Shapes/Shape_Pipe_90.uasset" 281
"../../../../../../roxxa/Documents/Unreal_Projects/KJMDeathrun_FirstMap/Content/CustomContent/UGC2286680373/UE4Content/StarterContent/Shapes/Shape_QuadPyramid.uasset" 282
"../../../../../../roxxa/Documents/Unreal_Projects/KJMDeathrun_FirstMap/Content/CustomContent/UGC2286680373/UE4Content/StarterContent/Shapes/Shape_Sphere.uasset" 283
"../../../../../../roxxa/Documents/Unreal_Projects/KJMDeathrun_FirstMap/Content/CustomContent/UGC2286680373/UE4Content/StarterContent/Shapes/Shape_Torus.uasset" 284
"../../../../../../roxxa/Documents/Unreal_Projects/KJMDeathrun_FirstMap/Content/CustomContent/UGC2286680373/UE4Content/StarterContent/Shapes/Shape_Trim.uasset" 285
"../../../../../../roxxa/Documents/Unreal_Projects/KJMDeathrun_FirstMap/Content/CustomContent/UGC2286680373/UE4Content/StarterContent/Shapes/Shape_Trim_90_In.uasset" 286
"../../../../../../roxxa/Documents/Unreal_Projects/KJMDeathrun_FirstMap/Content/CustomContent/UGC2286680373/UE4Content/StarterContent/Shapes/Shape_Trim_90_Out.uasset" 287
"../../../../../../roxxa/Documents/Unreal_Projects/KJMDeathrun_FirstMap/Content/CustomContent/UGC2286680373/UE4Content/StarterContent/Shapes/Shape_TriPyramid.uasset" 288
"../../../../../../roxxa/Documents/Unreal_Projects/KJMDeathrun_FirstMap/Content/CustomContent/UGC2286680373/UE4Content/StarterContent/Shapes/Shape_Tube.uasset" 289
"../../../../../../roxxa/Documents/Unreal_Projects/KJMDeathrun_FirstMap/Content/CustomContent/UGC2286680373/UE4Content/StarterContent/Shapes/Shape_Wedge_A.uasset" 290
"../../../../../../roxxa/Documents/Unreal_Projects/KJMDeathrun_FirstMap/Content/CustomContent/UGC2286680373/UE4Content/StarterContent/Shapes/Shape_Wedge_B.uasset" 291
"../../../../../../roxxa/Documents/Unreal_Projects/KJMDeathrun_FirstMap/Content/CustomContent/UGC2286680373/UE4Content/StarterContent/Shapes/Shape_WideCapsule.uasset" 292
"../../../../../../roxxa/Documents/Unreal_Projects/KJMDeathrun_FirstMap/Content/CustomContent/UGC2286680373/UE4Content/ThirdPersonBP/ThirdPersonOverview.uasset" 293
"../../../../../../roxxa/Documents/Unreal_Projects/KJMDeathrun_FirstMap/Content/CustomContent/UGC2286680373/UE4Content/ThirdPersonBP/Maps/ThirdPersonExampleMap_BuiltData.uasset" 294
"../../../Engine/Content/Animation/DefaultAnimCurveCompressionSettings.uasset" 295
"../../../Engine/Content/ArtTools/RenderToTexture/Meshes/S_1_Unit_Plane.uasset" 296
"../../../Engine/Content/EngineMaterials/DefaultMaterial.uasset" 297
"../../../Engine/Content/BasicShapes/Cylinder.uasset" 298
"../../../Engine/Content/BasicShapes/Sphere.uasset" 299
"../../../Engine/Content/EditorLandscapeResources/DataLayer.uasset" 300
"../../../Engine/Content/EditorMaterials/MAT_Groups_Toggle.uasset" 301
"../../../Engine/Content/EditorMaterials/MAT_Groups_Visibility.uasset" 302
"../../../Engine/Content/EditorMaterials/PreviewShadowIndicator.uasset" 303
"../../../Engine/Content/EditorMaterials/PreviewShadowIndicatorMaterial.uasset" 304
"../../../Engine/Content/EditorMaterials/MatineeGroups/MAT_ColorTrack.uasset" 305
"../../../Engine/Content/EditorMaterials/MatineeGroups/MAT_Groups_Anim.uasset" 306
"../../../Engine/Content/EditorMaterials/MatineeGroups/MAT_Groups_AudioMaster.uasset" 307
"../../../Engine/Content/EditorMaterials/MatineeGroups/MAT_Groups_Director.uasset" 308
"../../../Engine/Content/EditorMaterials/MatineeGroups/MAT_Groups_Event.uasset" 309
"../../../Engine/Content/EditorMaterials/MatineeGroups/MAT_Groups_Fade.uasset" 310
"../../../Engine/Content/EditorMaterials/MatineeGroups/MAT_Groups_Float.uasset" 311
"../../../Engine/Content/EditorMaterials/MatineeGroups/MAT_Groups_Move.uasset" 312
"../../../Engine/Content/EditorMaterials/MatineeGroups/MAT_Groups_Slomo.uasset" 313
"../../../Engine/Content/EditorMaterials/MatineeGroups/MAT_Groups_Sound.uasset" 314
"../../../Engine/Content/EditorMaterials/MatineeGroups/MAT_Groups_Vector.uasset" 315
"../../../Engine/Content/EditorMaterials/ParticleSystems/PSysThumbnail_NoImage.uasset" 316
"../../../Engine/Content/EditorMaterials/ParticleSystems/PSysThumbnail_OOD.uasset" 317
"../../../Engine/Content/EditorMaterials/Camera/CineMat.uasset" 318
"../../../Engine/Content/EditorMaterials/Camera/MI_CineMat_Rig.uasset" 319
"../../../Engine/Content/EditorMeshes/Camera/SM_CraneRig_Arm.uasset" 320
"../../../Engine/Content/EditorMeshes/Camera/SM_CraneRig_Base.uasset" 321
"../../../Engine/Content/EditorMeshes/Camera/SM_CraneRig_Body.uasset" 322
"../../../Engine/Content/EditorMeshes/Camera/SM_CraneRig_Mount.uasset" 323
"../../../Engine/Content/EditorMeshes/Camera/SM_RailRig_Mount.uasset" 324
"../../../Engine/Content/EditorMeshes/Camera/SM_RailRig_Track.uasset" 325
"../../../Engine/Content/EditorResources/BSPVertex.uasset" 326
"../../../Engine/Content/EditorResources/EmptyActor.uasset" 327
"../../../Engine/Content/EditorResources/S_Actor.uasset" 328
"../../../Engine/Content/EditorResources/S_Note.uasset" 329
"../../../Engine/Content/EditorResources/S_Solver.uasset" 330
"../../../Engine/Content/EditorResources/S_Trigger.uasset" 331
"../../../Engine/Content/EditorResources/LightIcons/S_LightError.uasset" 332
"../../../Engine/Content/EditorResources/SequenceRecorder/Countdown.uasset" 333
"../../../Engine/Content/EditorResources/SequenceRecorder/RecordingIndicator.uasset" 334
"../../../Engine/Content/EditorSounds/Notifications/CompileFailed.uasset" 335
"../../../Engine/Content/EditorSounds/Notifications/CompileFailed_Cue.uasset" 336
"../../../Engine/Content/EditorSounds/Notifications/CompileSuccess.uasset" 337
"../../../Engine/Content/EditorSounds/Notifications/CompileStart_Cue.uasset" 338
"../../../Engine/Content/EditorSounds/Notifications/CompileSuccess_Cue.uasset" 339
"../../../Engine/Content/EngineDamageTypes/DmgTypeBP_Environmental.uasset" 340
"../../../Engine/Content/EngineDebugMaterials/DebugEditorMaterial.uasset" 341
"../../../Engine/Content/EngineDebugMaterials/DebugMeshMaterial.uasset" 342
"../../../Engine/Content/EngineDebugMaterials/M_SimpleUnlitTranslucent.uasset" 343
"../../../Engine/Content/Functions/Engine_MaterialFunctions02/Utility/CameraDirectionVector.uasset" 344
"../../../Engine/Content/EngineDebugMaterials/VolumeToRender.uasset" 345
"../../../Engine/Content/EngineDebugMaterials/M_VolumeRenderSphereTracePP.uasset" 346
"../../../Engine/Content/EngineDebugMaterials/WireframeMaterial.uasset" 347
"../../../Engine/Content/EngineFonts/Faces/DroidSansFallback.uasset" 348
"../../../Engine/Content/EngineFonts/Faces/RobotoBold.uasset" 349
"../../../Engine/Content/EngineFonts/Faces/RobotoBoldItalic.uasset" 350
"../../../Engine/Content/EngineFonts/Faces/RobotoItalic.uasset" 351
"../../../Engine/Content/EngineFonts/Faces/RobotoLight.uasset" 352
"../../../Engine/Content/EngineFonts/Faces/RobotoRegular.uasset" 353
"../../../Engine/Content/EngineFonts/Roboto.uasset" 354
"../../../Engine/Content/EngineMaterials/BaseFlattenDiffuseMap.uasset" 355
"../../../Engine/Content/EngineMaterials/BaseFlattenEmissiveMap.uasset" 356
"../../../Engine/Content/EngineMaterials/BaseFlattenGrayscaleMap.uasset" 357
"../../../Engine/Content/EngineMaterials/BaseFlattenNormalMap.uasset" 358
"../../../Engine/Content/EngineMaterials/BaseFlattenMaterial.uasset" 359
"../../../Engine/Content/EngineMaterials/BlueNoise.uasset" 360
"../../../Engine/Content/EngineMaterials/DefaultBloomKernel.uasset" 361
"../../../Engine/Content/EngineMaterials/DefaultBokeh.uasset" 362
"../../../Engine/Content/EngineMaterials/DefaultDiffuse.uasset" 363
"../../../Engine/Content/EngineMaterials/DefaultDeferredDecalMaterial.uasset" 364
"../../../Engine/Content/EngineMaterials/DefaultLightFunctionMaterial.uasset" 365
"../../../Engine/Content/EngineMaterials/DefaultPhysicalMaterial.uasset" 366
"../../../Engine/Content/Functions/Engine_MaterialFunctions02/Utility/BreakOutFloat2Components.uasset" 367
"../../../Engine/Content/EngineMaterials/DefaultPostProcessMaterial.uasset" 368
"../../../Engine/Content/EngineFonts/RobotoDistanceField.uasset" 369
"../../../Engine/Content/EngineMaterials/DefaultTextMaterialOpaque.uasset" 370
"../../../Engine/Content/EngineMaterials/DefaultWhiteGrid.uasset" 371
"../../../Engine/Content/EngineMaterials/DefaultWhiteGrid_Low.uasset" 372
"../../../Engine/Content/EngineMaterials/EmissiveMeshMaterial.uasset" 373
"../../../Engine/Content/EngineMaterials/GizmoMaterial.uasset" 374
"../../../Engine/Content/EngineMaterials/Good64x64TilingNoiseHighFreq.uasset" 375
"../../../Engine/Content/EngineMaterials/MiniFont.uasset" 376
"../../../Engine/Content/EngineMaterials/InvalidLightmapSettings.uasset" 377
"../../../Engine/Content/EngineMaterials/M_InvalidLightmapSettings.uasset" 378
"../../../Engine/Content/Functions/Engine_MaterialFunctions02/WorldPositionOffset/CameraOffset.uasset" 379
"../../../Engine/Content/EngineMaterials/PhAT_JointLimitMaterial.uasset" 380
"../../../Engine/Content/EngineMaterials/PreintegratedSkinBRDF.uasset" 381
"../../../Engine/Content/EngineMaterials/RemoveSurfaceMaterial.uasset" 382
"../../../Engine/Content/EngineMaterials/WeightMapPlaceholderTexture.uasset" 383
"../../../Engine/Content/EngineResources/WhiteSquareTexture.uasset" 384
"../../../Engine/Content/EngineMaterials/Widget3DPassThrough.uasset" 385
"../../../Engine/Content/EngineMaterials/Widget3DPassThrough_Masked.uasset" 386
"../../../Engine/Content/EngineMaterials/Widget3DPassThrough_Opaque.uasset" 387
"../../../Engine/Content/EngineMaterials/Widget3DPassThrough_Masked_OneSided.uasset" 388
"../../../Engine/Content/EngineMaterials/Widget3DPassThrough_Opaque_OneSided.uasset" 389
"../../../Engine/Content/EngineMaterials/Widget3DPassThrough_Translucent.uasset" 390
"../../../Engine/Content/EngineMaterials/Widget3DPassThrough_Translucent_OneSided.uasset" 391
"../../../Engine/Content/EngineMeshes/Cylinder.uasset" 392
"../../../Engine/Content/EngineMeshes/Sphere.uasset" 393
"../../../Engine/Content/EngineResources/Black.uasset" 394
"../../../Engine/Content/EngineResources/DefaultTexture.uasset" 395
"../../../Engine/Content/EngineResources/DefaultTextureCube.uasset" 396
"../../../Engine/Content/EngineResources/DefaultVolumeTexture2D.uasset" 397
"../../../Engine/Content/EngineResources/DefaultVolumeTexture.uasset" 398
"../../../Engine/Content/EngineResources/GradientTexture0.uasset" 399
"../../../Engine/Content/EngineSounds/Master.uasset" 400
"../../../Engine/Content/Functions/Engine_MaterialFunctions01/Shading/ConvertFromDiffSpec.uasset" 401
"../../../Engine/Content/Functions/Engine_MaterialFunctions01/Shading/PowerToRoughness.uasset" 402
"../../../Engine/Content/Maps/Templates/Thumbnails/Default.uasset" 403
"../../../Engine/Content/Maps/Templates/Thumbnails/TimeOfDay.uasset" 404
"../../../Engine/Content/Maps/Templates/Thumbnails/VR-Basic.uasset" 405
"../../../Engine/Content/MobileResources/T_MobileControls_texture.uasset" 406
"../../../Engine/Content/MobileResources/T_MobileMenu2.uasset" 407
"../../../Engine/Content/MobileResources/HUD/AnalogHat.uasset" 408
"../../../Engine/Content/MobileResources/HUD/VirtualJoystick_Background.uasset" 409
"../../../Engine/Content/MobileResources/HUD/VirtualJoystick_Thumb.uasset" 410
"../../../Engine/Content/MobileResources/HUD/DefaultVirtualJoysticks.uasset" 411
"../../../Engine/Content/MobileResources/HUD/LeftVirtualJoystickOnly.uasset" 412
"../../../Engine/Content/MobileResources/HUD/MobileHUDButton1_off.uasset" 413
"../../../Engine/Content/MobileResources/HUD/MobileHUDButton1_on.uasset" 414
"../../../Engine/Content/MobileResources/HUD/MobileHUDButton2_off.uasset" 415
"../../../Engine/Content/MobileResources/HUD/MobileHUDButton2_on.uasset" 416
"../../../Engine/Content/MobileResources/HUD/MobileHUDButton3.uasset" 417
"../../../Engine/Content/MobileResources/HUD/MobileHUDButtonFire.uasset" 418
"../../../Engine/Content/MobileResources/HUD/MobileHUDDirectionPad.uasset" 419
"../../../Engine/Content/MobileResources/HUD/MobileHUDDirectionPad2.uasset" 420
"../../../Engine/Content/MobileResources/HUD/MobileHUDDirectionPad3.uasset" 421
"../../../Engine/Content/MobileResources/HUD/MobileHUDDirectionStick.uasset" 422
"../../../Engine/Content/MobileResources/HUD/T_Castle_ThumbstickInner.uasset" 423
"../../../Engine/Content/MobileResources/HUD/T_Castle_ThumbstickOutter.uasset" 424
"../../../Engine/Content/Tutorial/ContentIntroCurve.uasset" 425
"../../../Engine/Content/Tutorial/Basics/LevelEditorAttract.uasset" 426
"../../../Engine/Content/Tutorial/Installation/InstallingVisualStudioTutorial.uasset" 427
"../../../Engine/Content/VREditor/LaserPointer/VR_LaserPower_01.uasset" 428
"../../../Engine/Content/VREditor/TransformGizmo/TransformGizmoMaterial.uasset" 429
"../../../Engine/Content/VREditor/TransformGizmo/TranslucentTransformGizmoMaterial.uasset" 430
"../../../Engine/Content/VREditor/TransformGizmo/BoundingBoxCorner.uasset" 431
"../../../Engine/Content/VREditor/TransformGizmo/BoundingBoxEdge.uasset" 432
"../../../Engine/Content/VREditor/TransformGizmo/PlaneTranslationHandle.uasset" 433
"../../../Engine/Content/VREditor/TransformGizmo/Main.uasset" 434
"../../../Engine/Content/VREditor/TransformGizmo/Xray.uasset" 435
"../../../Engine/Content/VREditor/TransformGizmo/SM_Sequencer_Key.uasset" 436
"../../../Engine/Content/VREditor/TransformGizmo/SM_Sequencer_Node.uasset" 437
"../../Plugins/2D/Paper2D/Content/PlaceholderTextures/DummySpriteTexture.uasset" 438
"../../Plugins/2D/Paper2D/Content/DummySprite.uasset" 439
"../../Plugins/2D/Paper2D/Content/DefaultPaperTerrainMaterial.uasset" 440
"../../Plugins/2D/Paper2D/Content/DefaultSpriteMaterial.uasset" 441
"../../Plugins/2D/Paper2D/Content/MaskedUnlitSpriteMaterial.uasset" 442
"../../Plugins/2D/Paper2D/Content/OpaqueUnlitSpriteMaterial.uasset" 443
"../../Plugins/FX/Niagara/Content/Enums/ENiagaraBooleanLogicOps.uasset" 444
"../../Plugins/FX/Niagara/Content/Enums/ENiagaraCoordinateSpace.uasset" 445
"../../Plugins/FX/Niagara/Content/Enums/ENiagaraExpansionMode.uasset" 446
"../../Plugins/FX/Niagara/Content/Enums/ENiagaraOrientationAxis.uasset" 447
"../../Plugins/FX/Niagara/Content/Enums/ENiagaraRandomnessMode.uasset" 448
"../../../Engine/Content/Functions/Engine_MaterialFunctions02/Utility/BreakOutFloat4Components.uasset" 449
"../../../Engine/Content/Functions/Engine_MaterialFunctions02/Utility/MakeFloat2.uasset" 450
"../../../Engine/Content/Functions/Engine_MaterialFunctions02/Utility/MakeFloat3.uasset" 451
"../../Plugins/Runtime/Oculus/OculusVR/Content/Materials/OculusMR_ChromaKey.uasset" 452
"../../Plugins/Runtime/Oculus/OculusVR/Content/Materials/OculusMR_ChromaKey_Lit.uasset" 453
"../../Plugins/Runtime/Oculus/OculusVR/Content/Materials/OculusMR_OpaqueColoredMaterial.uasset" 454
"../../Plugins/Runtime/Oculus/OculusVR/Content/Materials/OculusMR_WhiteMaterial.uasset" 455
"../../../../../../roxxa/Documents/Unreal_Projects/KJMDeathrun_FirstMap/Content/CustomContent/UGC2286680373/Blueprints/Traps/MovingPlatform.uasset" 456
"../../../Engine/Content/EditorBlueprintResources/StandardMacros.uasset" 457
"../../../Engine/Content/EngineSky/C_Sky_Cloud_Color.uasset" 458
"../../../Engine/Content/EngineSky/C_Sky_Horizon_Color.uasset" 459
"../../../Engine/Content/EngineSky/C_Sky_Zenith_Color.uasset" 460
"../../../Engine/Content/EngineSky/T_Sky_Blue.uasset" 461
"../../../Engine/Content/EngineSky/T_Sky_Clouds_M.uasset" 462
"../../../Engine/Content/EngineSky/T_Sky_Stars.uasset" 463
"../../../Engine/Content/EngineSky/M_Sky_Panning_Clouds2.uasset" 464
"../../../Engine/Content/EngineSky/SM_SkySphere.uasset" 465
"../../../Engine/Content/EngineSky/BP_Sky_Sphere.uasset" 466
"../../../../../../roxxa/Documents/Unreal_Projects/KJMDeathrun_FirstMap/Content/CustomContent/UGC2286680373/UE4Content/ThirdPersonBP/Blueprints/UE4Interact.uasset" 467
"../../../../../../roxxa/Documents/Unreal_Projects/KJMDeathrun_FirstMap/Content/CustomContent/UGC2286680373/Blueprints/ButtonDisabledMat.uasset" 468
"../../../../../../roxxa/Documents/Unreal_Projects/KJMDeathrun_FirstMap/Content/CustomContent/UGC2286680373/Blueprints/ButtonEnabledMat.uasset" 469
"../../../Engine/Content/BasicShapes/Plane.uasset" 470
"../../../../../../roxxa/Documents/Unreal_Projects/KJMDeathrun_FirstMap/Content/CustomContent/UGC2286680373/Textures/Button/Material_albedo.uasset" 471
"../../../../../../roxxa/Documents/Unreal_Projects/KJMDeathrun_FirstMap/Content/CustomContent/UGC2286680373/Textures/Button/Material_AO.uasset" 472
"../../../../../../roxxa/Documents/Unreal_Projects/KJMDeathrun_FirstMap/Content/CustomContent/UGC2286680373/Textures/Button/Material_metallic.uasset" 473
"../../../../../../roxxa/Documents/Unreal_Projects/KJMDeathrun_FirstMap/Content/CustomContent/UGC2286680373/Textures/Button/Material_normal.uasset" 474
"../../../../../../roxxa/Documents/Unreal_Projects/KJMDeathrun_FirstMap/Content/CustomContent/UGC2286680373/Textures/Button/Material_roughness.uasset" 475
"../../../../../../roxxa/Documents/Unreal_Projects/KJMDeathrun_FirstMap/Content/CustomContent/UGC2286680373/Meshes/Material_001.uasset" 476
"../../../../../../roxxa/Documents/Unreal_Projects/KJMDeathrun_FirstMap/Content/CustomContent/UGC2286680373/Meshes/Button_Bottom.uasset" 477
"../../../../../../roxxa/Documents/Unreal_Projects/KJMDeathrun_FirstMap/Content/CustomContent/UGC2286680373/Meshes/Button_Top.uasset" 478
"../../../../../../roxxa/Documents/Unreal_Projects/KJMDeathrun_FirstMap/Content/CustomContent/UGC2286680373/Blueprints/Button.uasset" 479
"../../../../../../roxxa/Documents/Unreal_Projects/KJMDeathrun_FirstMap/Content/CustomContent/UGC2286680373/Blueprints/DeathSpawn.uasset" 480
"../../../../../../roxxa/Documents/Unreal_Projects/KJMDeathrun_FirstMap/Content/CustomContent/UGC2286680373/Blueprints/FinishMat.uasset" 481
"../../../../../../roxxa/Documents/Unreal_Projects/KJMDeathrun_FirstMap/Content/CustomContent/UGC2286680373/Blueprints/Finish.uasset" 482
"../../../../../../roxxa/Documents/Unreal_Projects/KJMDeathrun_FirstMap/Content/CustomContent/UGC2286680373/Textures/deathrun_logo512_bmp.uasset" 483
"../../../../../../roxxa/Documents/Unreal_Projects/KJMDeathrun_FirstMap/Content/CustomContent/UGC2286680373/Definition.uasset" 484
"../../../../../../roxxa/Documents/Unreal_Projects/KJMDeathrun_FirstMap/Content/CustomContent/UGC2286680373/Blueprints/KJMProxy.uasset" 485
"../../../../../../roxxa/Documents/Unreal_Projects/KJMDeathrun_FirstMap/Content/CustomContent/UGC2286680373/UE4Content/Meshes/1M_Cube_Chamfer.uasset" 486
"../../../../../../roxxa/Documents/Unreal_Projects/KJMDeathrun_FirstMap/Content/CustomContent/UGC2286680373/UE4Content/Meshes/1M_Cube_Chamfer_DM.uasset" 487
"../../../../../../roxxa/Documents/Unreal_Projects/KJMDeathrun_FirstMap/Content/CustomContent/UGC2286680373/Blueprints/Traps/FallingDestructible.uasset" 488
"../../../../../../roxxa/Documents/Unreal_Projects/KJMDeathrun_FirstMap/Content/CustomContent/UGC2286680373/Blueprints/Traps/SpikeMat.uasset" 489
"../../../Engine/Content/BasicShapes/Cone.uasset" 490
"../../../../../../roxxa/Documents/Unreal_Projects/KJMDeathrun_FirstMap/Content/CustomContent/UGC2286680373/Blueprints/Traps/Spike.uasset" 491
"../../../../../../roxxa/Documents/Unreal_Projects/KJMDeathrun_FirstMap/Content/CustomContent/UGC2286680373/UE4Content/Mannequin/Animations/ThirdPerson_Jump.uasset" 492
"../../../../../../roxxa/Documents/Unreal_Projects/KJMDeathrun_FirstMap/Content/CustomContent/UGC2286680373/UE4Content/Mannequin/Animations/ThirdPersonJump_Loop.uasset" 493
"../../../../../../roxxa/Documents/Unreal_Projects/KJMDeathrun_FirstMap/Content/CustomContent/UGC2286680373/UE4Content/Mannequin/Animations/ThirdPersonJump_Start.uasset" 494
"../../../../../../roxxa/Documents/Unreal_Projects/KJMDeathrun_FirstMap/Content/CustomContent/UGC2286680373/UE4Content/Mannequin/Animations/ThirdPersonIdle.uasset" 495
"../../../../../../roxxa/Documents/Unreal_Projects/KJMDeathrun_FirstMap/Content/CustomContent/UGC2286680373/UE4Content/Mannequin/Animations/ThirdPersonRun.uasset" 496
"../../../../../../roxxa/Documents/Unreal_Projects/KJMDeathrun_FirstMap/Content/CustomContent/UGC2286680373/UE4Content/Mannequin/Animations/ThirdPersonWalk.uasset" 497
"../../../../../../roxxa/Documents/Unreal_Projects/KJMDeathrun_FirstMap/Content/CustomContent/UGC2286680373/UE4Content/Mannequin/Animations/ThirdPerson_IdleRun_2D.uasset" 498
"../../../../../../roxxa/Documents/Unreal_Projects/KJMDeathrun_FirstMap/Content/CustomContent/UGC2286680373/UE4Content/Mannequin/Animations/ThirdPerson_AnimBP.uasset" 499
"../../../Engine/Content/Functions/MaterialLayerFunctions/MatLayerBlend_NormalBlend.uasset" 500
"../../../Engine/Content/Functions/MaterialLayerFunctions/MatLayerBlend_Simple.uasset" 501
"../../../../../../roxxa/Documents/Unreal_Projects/KJMDeathrun_FirstMap/Content/CustomContent/UGC2286680373/UE4Content/Mannequin/Character/Materials/MaterialLayers/T_ML_Rubber_Blue_01_D.uasset" 502
"../../../../../../roxxa/Documents/Unreal_Projects/KJMDeathrun_FirstMap/Content/CustomContent/UGC2286680373/UE4Content/Mannequin/Character/Materials/MaterialLayers/T_ML_Rubber_Blue_01_N.uasset" 503
"../../../../../../roxxa/Documents/Unreal_Projects/KJMDeathrun_FirstMap/Content/CustomContent/UGC2286680373/UE4Content/Mannequin/Character/Materials/MaterialLayers/ML_GlossyBlack_Latex_UE4.uasset" 504
"../../../../../../roxxa/Documents/Unreal_Projects/KJMDeathrun_FirstMap/Content/CustomContent/UGC2286680373/UE4Content/Mannequin/Character/Materials/MaterialLayers/ML_Plastic_Shiny_Beige.uasset" 505
"../../../../../../roxxa/Documents/Unreal_Projects/KJMDeathrun_FirstMap/Content/CustomContent/UGC2286680373/UE4Content/Mannequin/Character/Textures/UE4_LOGO_CARD.uasset" 506
"../../../../../../roxxa/Documents/Unreal_Projects/KJMDeathrun_FirstMap/Content/CustomContent/UGC2286680373/UE4Content/Mannequin/Character/Materials/MaterialLayers/ML_Plastic_Shiny_Beige_LOGO.uasset" 507
"../../../../../../roxxa/Documents/Unreal_Projects/KJMDeathrun_FirstMap/Content/CustomContent/UGC2286680373/UE4Content/Mannequin/Character/Materials/MaterialLayers/T_ML_Aluminum01.uasset" 508
"../../../../../../roxxa/Documents/Unreal_Projects/KJMDeathrun_FirstMap/Content/CustomContent/UGC2286680373/UE4Content/Mannequin/Character/Materials/MaterialLayers/T_ML_Aluminum01_N.uasset" 509
"../../../../../../roxxa/Documents/Unreal_Projects/KJMDeathrun_FirstMap/Content/CustomContent/UGC2286680373/UE4Content/Mannequin/Character/Materials/MaterialLayers/ML_SoftMetal_UE4.uasset" 510
"../../../../../../roxxa/Documents/Unreal_Projects/KJMDeathrun_FirstMap/Content/CustomContent/UGC2286680373/UE4Content/Mannequin/Character/Textures/UE4_Mannequin__normals.uasset" 511
"../../../../../../roxxa/Documents/Unreal_Projects/KJMDeathrun_FirstMap/Content/CustomContent/UGC2286680373/UE4Content/Mannequin/Character/Textures/UE4_Mannequin_MAT_MASKA.uasset" 512
"../../../../../../roxxa/Documents/Unreal_Projects/KJMDeathrun_FirstMap/Content/CustomContent/UGC2286680373/UE4Content/Mannequin/Character/Materials/M_UE4Man_Body.uasset" 513
"../../../../../../roxxa/Documents/Unreal_Projects/KJMDeathrun_FirstMap/Content/CustomContent/UGC2286680373/UE4Content/Mannequin/Character/Textures/UE4Man_Logo_N.uasset" 514
"../../../../../../roxxa/Documents/Unreal_Projects/KJMDeathrun_FirstMap/Content/CustomContent/UGC2286680373/UE4Content/Mannequin/Character/Materials/M_UE4Man_ChestLogo.uasset" 515
"../../../../../../roxxa/Documents/Unreal_Projects/KJMDeathrun_FirstMap/Content/CustomContent/UGC2286680373/UE4Content/Mannequin/Character/Mesh/SK_Mannequin_PhysicsAsset.uasset" 516
"../../../../../../roxxa/Documents/Unreal_Projects/KJMDeathrun_FirstMap/Content/CustomContent/UGC2286680373/UE4Content/Mannequin/Character/Mesh/SK_Mannequin.uasset" 517
"../../../../../../roxxa/Documents/Unreal_Projects/KJMDeathrun_FirstMap/Content/CustomContent/UGC2286680373/UE4Content/ThirdPersonBP/Blueprints/ThirdPersonCharacter.uasset" 518
"../../../../../../roxxa/Documents/Unreal_Projects/KJMDeathrun_FirstMap/Content/CustomContent/UGC2286680373/UE4Content/ThirdPersonBP/Blueprints/ThirdPersonGameMode.uasset" 519
"../../../../../../roxxa/Documents/Unreal_Projects/KJMDeathrun_FirstMap/Content/CustomContent/UGC2286680373/Maps/DeathrunFirstMap_BuiltData.uasset" 520
"../../../../../../roxxa/Documents/Unreal_Projects/KJMDeathrun_FirstMap/Content/CustomContent/UGC2286680373/Meshes/RedLinesMat.uasset" 521
"../../../../../../roxxa/Documents/Unreal_Projects/KJMDeathrun_FirstMap/Content/CustomContent/UGC2286680373/UE4Content/StarterContent/Materials/M_Tech_Hex_Tile_Pulse.uasset" 522
"../../../../../../roxxa/Documents/Unreal_Projects/KJMDeathrun_FirstMap/Content/CustomContent/UGC2286680373/UE4Content/Meshes/Linear_Stair_StaticMesh.uasset" 523
"../../../../../../roxxa/Documents/Unreal_Projects/KJMDeathrun_FirstMap/Content/CustomContent/UGC2286680373/UE4Content/Meshes/TemplateFloor.uasset" 524
"../../../../../../roxxa/Documents/Unreal_Projects/KJMDeathrun_FirstMap/Content/CustomContent/UGC2286680373/UE4Content/StarterContent/Shapes/Shape_Plane.uasset" 525
"../../../../../../roxxa/Documents/Unreal_Projects/KJMDeathrun_FirstMap/Content/CustomContent/UGC2286680373/Maps/DeathrunFirstMap.umap" 526
"../../../Engine/Content/Maps/Entry_BuiltData.uasset" 527
"../../../Engine/Content/Maps/Entry.umap" 528
